
================ MENU UTAMA SISTEM PERPUSTAKAAN UKSW ================
1. Login sebagai Admin
2. Login sebagai Peminjam Buku
3. Tampilkan Demo UI
4. Keluar Program
Pilih menu: === LOGIN PEMINJAM ===
Masukkan NIM (atau 'q' untuk kembali)	: Masukkan password untuk 'Kakak Admin': Login sebagai Admin berhasil lewat jalur peminjam.
Mengalihkan ke menu Admin...

==== ADMIN MENU ====
1. Lihat daftar buku
2. Tambah buku
3. Hapus buku (by ISBN)
4. Update stok buku
0. Kembali ke menu utama
Pilihan anda: 
================ MENU UTAMA SISTEM PERPUSTAKAAN UKSW ================
1. Login sebagai Admin
2. Login sebagai Peminjam Buku
3. Tampilkan Demo UI
4. Keluar Program
Pilih menu: Terima kasih telah menggunakan Sistem Perpustakaan UKSW!
